-------------------------------------------------------------------------------
Test set: com.adl.RabbitMQPracticeService.RabbitMqPracticeServiceApplicationTests
-------------------------------------------------------------------------------
Tests run: 1, Failures: 0, Errors: 1, Skipped: 0, Time elapsed: 7.38 s <<< FAILURE! - in com.adl.RabbitMQPracticeService.RabbitMqPracticeServiceApplicationTests
com.adl.RabbitMQPracticeService.RabbitMqPracticeServiceApplicationTests  Time elapsed: 7.373 s  <<< ERROR!
java.lang.IllegalStateException: Unable to find a @SpringBootConfiguration, you need to use @ContextConfiguration or @SpringBootTest(classes=...) with your test

